<?xml version="1.0" encoding="UTF-8"?>
<!-- Generated by org.testng.reporters.JUnitXMLReporter -->
<testsuite ignored="0" hostname="Anthonys-MacBook.local" failures="0" tests="3" name="Default test" time="110.708" errors="0" timestamp="2024-01-10T20:40:23 EST">
  <testcase classname="testcases.sirirat.Sirirat_TestCase" name="verifyQuantityLimitPerPage" time="15.148"/>
  <testcase classname="testcases.sirirat.Sirirat_TestCase" name="inputQtyLessThanMaximum" time="22.371"/>
  <testcase classname="testcases.sirirat.Sirirat_TestCase" name="maximumPurchaseItem" time="17.992"/>
</testsuite> <!-- Default test -->
