<?xml version="1.0" encoding="UTF-8"?>
<!-- Generated by org.testng.reporters.JUnitXMLReporter -->
<testsuite ignored="0" hostname="Sarojs-iMac.local" failures="0" tests="3" name="Default test" time="21.105" errors="0" timestamp="2024-01-08T17:44:03 EST">
  <testcase classname="testcases.arad.Arad_TestCase" name="inputQtyLessThanMaximum" time="8.133"/>
  <testcase classname="testcases.arad.Arad_TestCase" name="maximumPurchaseItem" time="1.829"/>
  <testcase classname="testcases.arad.Arad_TestCase" name="verifyQuantityLimitPerPage" time="1.58"/>
</testsuite> <!-- Default test -->
