<?xml version="1.0" encoding="UTF-8"?>
<testng-results ignored="0" total="1" passed="1" failed="0" skipped="0">
  <reporter-output>
  </reporter-output>
  <suite started-at="2023-12-29T21:26:15 EST" name="Default suite" finished-at="2023-12-29T21:26:19 EST" duration-ms="4033">
    <groups>
    </groups>
    <test started-at="2023-12-29T21:26:15 EST" name="Default test" finished-at="2023-12-29T21:26:19 EST" duration-ms="4033">
      <class name="testcases.sirirat.BBTC_02">
        <test-method is-config="true" signature="getDriver()[pri:0, instance:testcases.sirirat.BBTC_02@32c0915e]" started-at="2023-12-29T21:26:15 EST" name="getDriver" finished-at="2023-12-29T21:26:15 EST" duration-ms="5" status="PASS">
          <reporter-output>
          </reporter-output>
        </test-method> <!-- getDriver -->
        <test-method is-config="true" signature="login()[pri:0, instance:testcases.sirirat.BBTC_02@32c0915e]" started-at="2023-12-29T21:26:15 EST" name="login" finished-at="2023-12-29T21:26:17 EST" duration-ms="2307" status="PASS">
          <reporter-output>
          </reporter-output>
        </test-method> <!-- login -->
        <test-method signature="caseSensitivity()[pri:0, instance:testcases.sirirat.BBTC_02@32c0915e]" started-at="2023-12-29T21:26:17 EST" name="caseSensitivity" finished-at="2023-12-29T21:26:19 EST" duration-ms="1701" status="PASS">
          <reporter-output>
          </reporter-output>
        </test-method> <!-- caseSensitivity -->
      </class> <!-- testcases.sirirat.BBTC_02 -->
    </test> <!-- Default test -->
  </suite> <!-- Default suite -->
</testng-results>
