<?xml version="1.0" encoding="UTF-8"?>
<testng-results ignored="0" total="1" passed="1" failed="0" skipped="0">
  <reporter-output>
  </reporter-output>
  <suite started-at="2023-12-28T15:42:19 EST" name="Default suite" finished-at="2023-12-28T15:42:26 EST" duration-ms="7417">
    <groups>
    </groups>
    <test started-at="2023-12-28T15:42:19 EST" name="Default test" finished-at="2023-12-28T15:42:26 EST" duration-ms="7417">
      <class name="testcases.christinethebaddie.CA_TestCase03">
        <test-method is-config="true" signature="getDriver()[pri:0, instance:testcases.christinethebaddie.CA_TestCase03@703feacd]" started-at="2023-12-28T15:42:19 EST" name="getDriver" finished-at="2023-12-28T15:42:19 EST" duration-ms="5" status="PASS">
          <reporter-output>
          </reporter-output>
        </test-method> <!-- getDriver -->
        <test-method is-config="true" signature="login()[pri:0, instance:testcases.christinethebaddie.CA_TestCase03@703feacd]" started-at="2023-12-28T15:42:19 EST" name="login" finished-at="2023-12-28T15:42:21 EST" duration-ms="2040" status="PASS">
          <reporter-output>
          </reporter-output>
        </test-method> <!-- login -->
        <test-method signature="requiredFieldAlert()[pri:0, instance:testcases.christinethebaddie.CA_TestCase03@703feacd]" started-at="2023-12-28T15:42:21 EST" name="requiredFieldAlert" finished-at="2023-12-28T15:42:26 EST" duration-ms="5356" status="PASS">
          <reporter-output>
          </reporter-output>
        </test-method> <!-- requiredFieldAlert -->
      </class> <!-- testcases.christinethebaddie.CA_TestCase03 -->
    </test> <!-- Default test -->
  </suite> <!-- Default suite -->
</testng-results>
